2019-07-21 09:11:13.942 [main] INFO  codechallange.perfectnumbers.ApplicationMain -  Init application ..
2019-07-21 09:11:14.095 [main] INFO  codechallange.perfectnumbers.ConfigUtility -  Property loading started
2019-07-21 09:12:03.711 [main] INFO  codechallange.perfectnumbers.ApplicationMain -  Init application ..
2019-07-21 09:12:03.716 [main] INFO  codechallange.perfectnumbers.ConfigUtility -  Property loading started
2019-07-21 09:13:36.320 [main] INFO  codechallange.perfectnumbers.ApplicationMain -  Init application ..
2019-07-21 09:13:36.325 [main] INFO  codechallange.perfectnumbers.ConfigUtility -  Property loading started
2019-07-21 09:15:51.158 [main] INFO  codechallange.perfectnumbers.ApplicationMain -  Init application ..
2019-07-21 09:15:51.163 [main] INFO  codechallange.perfectnumbers.ConfigUtility -  Property loading started
2019-07-21 09:15:51.164 [main] INFO  codechallange.perfectnumbers.ConfigUtility -  Property loading done
2019-07-21 09:15:51.165 [main] INFO  codechallange.perfectnumbers.RestServer - Initializing server
2019-07-21 09:15:51.974 [main] INFO  codechallange.perfectnumbers.RestServer - Server initialization completed
2019-07-21 09:15:52.501 [main] INFO  codechallange.perfectnumbers.ApplicationMain - Server ready on endpoint http://0.0.0.0:8080
2019-07-21 09:17:56.499 [qtp1462044018-13] DEBUG codechallange.perfectnumbers.validation.NumberValidation - Received path param number: 6
2019-07-21 09:17:56.550 [qtp1462044018-13] INFO  codechallange.perfectnumbers.validation.NumberValidation - Path param validation passed for number: 6
2019-07-21 09:18:06.798 [qtp1462044018-16] DEBUG codechallange.perfectnumbers.validation.NumberValidation - Received path param number: 5
2019-07-21 09:18:06.798 [qtp1462044018-16] INFO  codechallange.perfectnumbers.validation.NumberValidation - Path param validation passed for number: 5
2019-07-21 09:18:13.403 [qtp1462044018-14] DEBUG codechallange.perfectnumbers.validation.NumberValidation - Received path param number: tt
2019-07-21 09:18:13.404 [qtp1462044018-14] WARN  codechallange.perfectnumbers.validation.NumberValidation - Path param validation failed. Invalid parameters. number: 
2019-07-21 09:24:43.573 [main] INFO  codechallange.perfectnumbers.ApplicationMain -  Init application ..
2019-07-21 09:24:43.627 [main] INFO  codechallange.perfectnumbers.ConfigUtility -  Property loading started
2019-07-21 09:24:43.631 [main] INFO  codechallange.perfectnumbers.ConfigUtility -  Property loading done
2019-07-21 09:24:43.637 [main] INFO  codechallange.perfectnumbers.RestServer - Initializing server
2019-07-21 09:24:44.582 [main] INFO  codechallange.perfectnumbers.RestServer - Server initialization completed
2019-07-21 09:24:45.416 [main] INFO  codechallange.perfectnumbers.ApplicationMain - Server ready on endpoint http://0.0.0.0:8080
2019-07-21 09:25:35.482 [main] INFO  codechallange.perfectnumbers.ApplicationMain -  Init application ..
2019-07-21 09:25:35.487 [main] INFO  codechallange.perfectnumbers.ConfigUtility -  Property loading started
2019-07-21 09:25:35.488 [main] INFO  codechallange.perfectnumbers.ConfigUtility -  Property loading done
2019-07-21 09:25:35.489 [main] INFO  codechallange.perfectnumbers.RestServer - Initializing server
2019-07-21 09:25:35.697 [main] INFO  codechallange.perfectnumbers.RestServer - Server initialization completed
2019-07-21 09:25:36.043 [main] INFO  codechallange.perfectnumbers.ApplicationMain - Server ready on endpoint http://0.0.0.0:8080
2019-07-21 09:26:12.298 [main] INFO  codechallange.perfectnumbers.ApplicationMain -  Init application ..
2019-07-21 09:26:12.303 [main] INFO  codechallange.perfectnumbers.ConfigUtility -  Property loading started
2019-07-21 09:26:12.304 [main] INFO  codechallange.perfectnumbers.ConfigUtility -  Property loading done
2019-07-21 09:26:12.304 [main] INFO  codechallange.perfectnumbers.RestServer - Initializing server
2019-07-21 09:26:12.510 [main] INFO  codechallange.perfectnumbers.RestServer - Server initialization completed
2019-07-21 09:27:00.223 [qtp1462044018-12] DEBUG codechallange.perfectnumbers.validation.NumberValidation - Received path param number: t
2019-07-21 09:27:00.243 [qtp1462044018-12] WARN  codechallange.perfectnumbers.validation.NumberValidation - Path param validation failed. Invalid parameters. number: 
2019-07-21 09:30:11.255 [main] INFO  codechallange.perfectnumbers.ApplicationMain -  Init application ..
2019-07-21 09:30:11.261 [main] INFO  codechallange.perfectnumbers.ConfigUtility -  Property loading started
2019-07-21 09:30:11.262 [main] INFO  codechallange.perfectnumbers.ConfigUtility -  Property loading done
2019-07-21 09:30:11.263 [main] INFO  codechallange.perfectnumbers.RestServer - Initializing server
2019-07-21 09:30:11.631 [main] INFO  codechallange.perfectnumbers.RestServer - Server initialization completed
2019-07-21 09:30:11.923 [main] INFO  codechallange.perfectnumbers.ApplicationMain - Server ready on endpoint http://localhost:8080
2019-07-21 09:30:25.941 [qtp1462044018-11] DEBUG codechallange.perfectnumbers.validation.NumberValidation - Received path param number: t
2019-07-21 09:30:25.957 [qtp1462044018-11] WARN  codechallange.perfectnumbers.validation.NumberValidation - Path param validation failed. Invalid parameters. number: 
2019-07-21 09:31:15.516 [main] INFO  codechallange.perfectnumbers.ApplicationMain -  Init application ..
2019-07-21 09:31:15.522 [main] INFO  codechallange.perfectnumbers.ConfigUtility -  Property loading started
2019-07-21 09:31:15.523 [main] INFO  codechallange.perfectnumbers.ConfigUtility -  Property loading done
2019-07-21 09:31:15.523 [main] INFO  codechallange.perfectnumbers.RestServer - Initializing server
2019-07-21 09:31:15.765 [main] INFO  codechallange.perfectnumbers.RestServer - Server initialization completed
2019-07-21 09:31:33.722 [main] INFO  codechallange.perfectnumbers.ApplicationMain -  Init application ..
2019-07-21 09:31:33.727 [main] INFO  codechallange.perfectnumbers.ConfigUtility -  Property loading started
2019-07-21 09:31:33.727 [main] INFO  codechallange.perfectnumbers.ConfigUtility -  Property loading done
2019-07-21 09:31:33.727 [main] INFO  codechallange.perfectnumbers.RestServer - Initializing server
2019-07-21 09:31:33.971 [main] INFO  codechallange.perfectnumbers.RestServer - Server initialization completed
2019-07-21 09:31:34.304 [main] INFO  codechallange.perfectnumbers.ApplicationMain - Server ready on endpoint http://localhost:8080
2019-07-21 09:31:40.392 [qtp1462044018-11] DEBUG codechallange.perfectnumbers.validation.NumberValidation - Received path param number: 6
2019-07-21 09:31:40.393 [qtp1462044018-11] INFO  codechallange.perfectnumbers.validation.NumberValidation - Path param validation passed for number: 6
2019-07-21 11:03:52.669 [qtp1462044018-12] DEBUG codechallange.perfectnumbers.validation.NumberValidation - Received path param number: 5
2019-07-21 11:03:52.710 [qtp1462044018-12] INFO  codechallange.perfectnumbers.validation.NumberValidation - Path param validation passed for number: 5
2019-07-21 11:05:59.596 [qtp1462044018-16] DEBUG codechallange.perfectnumbers.validation.NumberValidation - Received path param number: 5
2019-07-21 11:05:59.596 [qtp1462044018-16] INFO  codechallange.perfectnumbers.validation.NumberValidation - Path param validation passed for number: 5
2019-07-21 11:06:01.813 [qtp1462044018-11] DEBUG codechallange.perfectnumbers.validation.NumberValidation - Received path param number: 5
2019-07-21 11:06:01.813 [qtp1462044018-11] INFO  codechallange.perfectnumbers.validation.NumberValidation - Path param validation passed for number: 5
2019-07-21 11:31:37.158 [main] INFO  codechallange.perfectnumbers.ApplicationMain -  Init application ..
2019-07-21 11:31:37.163 [main] INFO  codechallange.perfectnumbers.ConfigUtility -  Property loading started
2019-07-21 11:31:37.164 [main] INFO  codechallange.perfectnumbers.ConfigUtility -  Property loading done
2019-07-21 11:31:37.164 [main] INFO  codechallange.perfectnumbers.RestServer - Initializing server
2019-07-21 11:31:37.545 [main] INFO  codechallange.perfectnumbers.RestServer - Server initialization completed
2019-07-21 11:31:37.884 [main] INFO  codechallange.perfectnumbers.ApplicationMain - Server ready on endpoint http://localhost:8080
2019-07-21 11:31:50.320 [qtp1462044018-11] DEBUG codechallange.perfectnumbers.validation.NumberValidation - Received path param number: 5
2019-07-21 11:31:50.320 [qtp1462044018-11] INFO  codechallange.perfectnumbers.validation.NumberValidation - Path param validation passed for number: 5
2019-07-21 13:42:59.957 [qtp1462044018-14] DEBUG codechallange.perfectnumbers.validation.NumberRangeValidation - Received query param start: 2
2019-07-21 13:43:00.006 [qtp1462044018-14] DEBUG codechallange.perfectnumbers.validation.NumberRangeValidation - Received query param end: 100
2019-07-21 13:43:00.007 [qtp1462044018-14] INFO  codechallange.perfectnumbers.validation.NumberRangeValidation - Query param validation passed for start: 2, end: 100
2019-07-21 13:43:45.025 [main] INFO  codechallange.perfectnumbers.ApplicationMain -  Init application ..
2019-07-21 13:43:45.032 [main] INFO  codechallange.perfectnumbers.ConfigUtility -  Property loading started
2019-07-21 13:43:45.033 [main] INFO  codechallange.perfectnumbers.ConfigUtility -  Property loading done
2019-07-21 13:43:45.034 [main] INFO  codechallange.perfectnumbers.RestServer - Initializing server
2019-07-21 13:43:45.573 [main] INFO  codechallange.perfectnumbers.RestServer - Server initialization completed
2019-07-21 13:45:24.177 [main] INFO  codechallange.perfectnumbers.ApplicationMain -  Init application ..
2019-07-21 13:45:24.216 [main] INFO  codechallange.perfectnumbers.ConfigUtility -  Property loading started
2019-07-21 13:45:24.224 [main] INFO  codechallange.perfectnumbers.ConfigUtility -  Property loading done
2019-07-21 13:45:24.227 [main] INFO  codechallange.perfectnumbers.RestServer - Initializing server
2019-07-21 13:45:25.463 [main] INFO  codechallange.perfectnumbers.RestServer - Server initialization completed
2019-07-21 13:45:26.905 [main] INFO  codechallange.perfectnumbers.ApplicationMain - Server ready on endpoint http://localhost:8080
2019-07-21 13:45:47.648 [qtp1462044018-11] DEBUG codechallange.perfectnumbers.validation.NumberRangeValidation - Received query param start: 2
2019-07-21 13:45:47.650 [qtp1462044018-11] DEBUG codechallange.perfectnumbers.validation.NumberRangeValidation - Received query param end: 100
2019-07-21 13:45:47.650 [qtp1462044018-11] INFO  codechallange.perfectnumbers.validation.NumberRangeValidation - Query param validation passed for start: 2, end: 100
2019-07-21 13:47:14.967 [qtp1462044018-12] DEBUG codechallange.perfectnumbers.validation.NumberRangeValidation - Received query param start: null
2019-07-21 13:47:14.967 [qtp1462044018-12] DEBUG codechallange.perfectnumbers.validation.NumberRangeValidation - Received query param end: null
2019-07-21 13:47:14.994 [qtp1462044018-12] WARN  codechallange.perfectnumbers.validation.NumberRangeValidation - Query param validation failed. Missing required parameters. start: null, end: null
2019-07-21 13:47:34.155 [qtp1462044018-17] DEBUG codechallange.perfectnumbers.validation.NumberRangeValidation - Received query param start: null
2019-07-21 13:47:34.155 [qtp1462044018-17] DEBUG codechallange.perfectnumbers.validation.NumberRangeValidation - Received query param end: 100
2019-07-21 13:47:34.155 [qtp1462044018-17] WARN  codechallange.perfectnumbers.validation.NumberRangeValidation - Query param validation failed. Missing required parameters. start: null, end: 100
2019-07-21 13:47:37.513 [qtp1462044018-14] DEBUG codechallange.perfectnumbers.validation.NumberRangeValidation - Received query param start: null
2019-07-21 13:47:37.513 [qtp1462044018-14] DEBUG codechallange.perfectnumbers.validation.NumberRangeValidation - Received query param end: 100
2019-07-21 13:47:37.513 [qtp1462044018-14] WARN  codechallange.perfectnumbers.validation.NumberRangeValidation - Query param validation failed. Missing required parameters. start: null, end: 100
2019-07-21 13:47:45.632 [qtp1462044018-13] DEBUG codechallange.perfectnumbers.validation.NumberRangeValidation - Received query param start: 2
2019-07-21 13:47:45.633 [qtp1462044018-13] DEBUG codechallange.perfectnumbers.validation.NumberRangeValidation - Received query param end: 100
2019-07-21 13:47:45.633 [qtp1462044018-13] INFO  codechallange.perfectnumbers.validation.NumberRangeValidation - Query param validation passed for start: 2, end: 100
2019-07-21 13:48:02.060 [qtp1462044018-12] DEBUG codechallange.perfectnumbers.validation.NumberRangeValidation - Received query param start: 2
2019-07-21 13:48:02.061 [qtp1462044018-12] DEBUG codechallange.perfectnumbers.validation.NumberRangeValidation - Received query param end: 100
2019-07-21 13:48:02.061 [qtp1462044018-12] INFO  codechallange.perfectnumbers.validation.NumberRangeValidation - Query param validation passed for start: 2, end: 100
2019-07-21 13:52:07.542 [qtp1462044018-18] DEBUG codechallange.perfectnumbers.validation.NumberRangeValidation - Received query param start: 2
2019-07-21 13:52:07.543 [qtp1462044018-18] DEBUG codechallange.perfectnumbers.validation.NumberRangeValidation - Received query param end: 20
2019-07-21 13:52:07.543 [qtp1462044018-18] INFO  codechallange.perfectnumbers.validation.NumberRangeValidation - Query param validation passed for start: 2, end: 20
2019-07-21 13:55:30.680 [main] INFO  codechallange.perfectnumbers.ApplicationMain -  Init application ..
2019-07-21 13:55:30.686 [main] INFO  codechallange.perfectnumbers.ConfigUtility -  Property loading started
2019-07-21 13:55:30.686 [main] INFO  codechallange.perfectnumbers.ConfigUtility -  Property loading done
2019-07-21 13:55:30.687 [main] INFO  codechallange.perfectnumbers.RestServer - Initializing server
2019-07-21 13:55:30.901 [main] INFO  codechallange.perfectnumbers.RestServer - Server initialization completed
2019-07-21 13:55:31.191 [main] INFO  codechallange.perfectnumbers.ApplicationMain - Server ready on endpoint http://localhost:8080
2019-07-21 13:55:43.234 [qtp1462044018-11] DEBUG codechallange.perfectnumbers.validation.NumberRangeValidation - Received query param start: 2
2019-07-21 13:55:43.235 [qtp1462044018-11] DEBUG codechallange.perfectnumbers.validation.NumberRangeValidation - Received query param end: 20
2019-07-21 13:55:43.236 [qtp1462044018-11] INFO  codechallange.perfectnumbers.validation.NumberRangeValidation - Query param validation passed for start: 2, end: 20
2019-07-21 13:57:29.946 [main] INFO  codechallange.perfectnumbers.ApplicationMain -  Init application ..
2019-07-21 13:57:29.953 [main] INFO  codechallange.perfectnumbers.ConfigUtility -  Property loading started
2019-07-21 13:57:29.953 [main] INFO  codechallange.perfectnumbers.ConfigUtility -  Property loading done
2019-07-21 13:57:29.954 [main] INFO  codechallange.perfectnumbers.RestServer - Initializing server
2019-07-21 13:57:30.174 [main] INFO  codechallange.perfectnumbers.RestServer - Server initialization completed
2019-07-21 13:57:30.485 [main] INFO  codechallange.perfectnumbers.ApplicationMain - Server ready on endpoint http://localhost:8080
2019-07-21 13:57:33.843 [qtp1462044018-11] DEBUG codechallange.perfectnumbers.validation.NumberRangeValidation - Received query param start: 2
2019-07-21 13:57:33.844 [qtp1462044018-11] DEBUG codechallange.perfectnumbers.validation.NumberRangeValidation - Received query param end: 20
2019-07-21 13:57:33.844 [qtp1462044018-11] INFO  codechallange.perfectnumbers.validation.NumberRangeValidation - Query param validation passed for start: 2, end: 20
2019-07-21 14:12:49.846 [main] INFO  codechallange.perfectnumbers.ApplicationMain -  Init application ..
2019-07-21 14:12:49.905 [main] INFO  codechallange.perfectnumbers.ConfigUtility -  Property loading started
2019-07-21 14:12:49.907 [main] INFO  codechallange.perfectnumbers.ConfigUtility -  Property loading done
2019-07-21 14:12:49.910 [main] INFO  codechallange.perfectnumbers.RestServer - Initializing server
2019-07-21 14:12:50.229 [main] INFO  codechallange.perfectnumbers.RestServer - Server initialization completed
2019-07-21 14:12:50.535 [main] INFO  codechallange.perfectnumbers.ApplicationMain - Server ready on endpoint http://localhost:8080
2019-07-21 14:12:53.847 [qtp1462044018-11] DEBUG codechallange.perfectnumbers.validation.NumberRangeValidation - Received query param start: 2
2019-07-21 14:12:53.848 [qtp1462044018-11] DEBUG codechallange.perfectnumbers.validation.NumberRangeValidation - Received query param end: 20
2019-07-21 14:12:53.849 [qtp1462044018-11] INFO  codechallange.perfectnumbers.validation.NumberRangeValidation - Query param validation passed for start: 2, end: 20
2019-07-21 14:13:06.018 [qtp1462044018-14] DEBUG codechallange.perfectnumbers.validation.NumberRangeValidation - Received query param start: 2
2019-07-21 14:13:06.018 [qtp1462044018-14] DEBUG codechallange.perfectnumbers.validation.NumberRangeValidation - Received query param end: 100000
2019-07-21 14:13:06.018 [qtp1462044018-14] INFO  codechallange.perfectnumbers.validation.NumberRangeValidation - Query param validation passed for start: 2, end: 100000
2019-07-21 14:39:48.839 [main] INFO  codechallange.perfectnumbers.ApplicationMain -  Init application ..
2019-07-21 14:39:48.899 [main] INFO  codechallange.perfectnumbers.ConfigUtility -  Property loading started
2019-07-21 14:39:48.900 [main] INFO  codechallange.perfectnumbers.ConfigUtility -  Property loading done
2019-07-21 14:39:48.902 [main] INFO  codechallange.perfectnumbers.RestServer - Initializing server
2019-07-21 14:39:49.299 [main] INFO  codechallange.perfectnumbers.RestServer - Server initialization completed
2019-07-21 14:39:49.717 [main] INFO  codechallange.perfectnumbers.ApplicationMain - Server ready on endpoint http://localhost:8080
2019-07-21 14:40:46.846 [qtp1462044018-11] INFO  codechallange.perfectnumbers.validation.NumberRangeValidation -  Parameters are valid : startNumber is 
2019-07-21 17:48:15.113 [main] INFO  codechallange.perfectnumbers.ApplicationMain -  Init application ..
2019-07-21 17:48:15.213 [main] INFO  codechallange.perfectnumbers.ConfigUtility -  Property loading started
2019-07-21 17:48:15.213 [main] INFO  codechallange.perfectnumbers.ConfigUtility -  Property loading done
2019-07-21 17:48:15.214 [main] INFO  codechallange.perfectnumbers.RestServer - Initializing server
2019-07-21 17:48:15.713 [main] INFO  codechallange.perfectnumbers.RestServer - Server initialization completed
2019-07-21 17:48:16.150 [main] INFO  codechallange.perfectnumbers.ApplicationMain - Server ready on endpoint http://localhost:8080
2019-07-21 17:48:46.684 [qtp1462044018-12] INFO  codechallange.perfectnumbers.validation.NumberRangeValidation -  Parameters are valid : startNumber is 
2019-07-21 17:49:30.946 [qtp1462044018-13] INFO  codechallange.perfectnumbers.validation.NumberRangeValidation -  Parameters are valid : startNumber is 
2019-07-21 17:49:38.475 [qtp1462044018-11] INFO  codechallange.perfectnumbers.validation.NumberRangeValidation -  Parameters are valid : startNumber is 
2019-07-21 17:49:56.569 [qtp1462044018-17] INFO  codechallange.perfectnumbers.validation.NumberRangeValidation -  Parameters are valid : startNumber is 
2019-07-21 17:50:02.323 [qtp1462044018-18] INFO  codechallange.perfectnumbers.validation.NumberRangeValidation -  Parameters are valid : startNumber is 
2019-07-21 18:16:53.540 [main] INFO  codechallange.perfectnumbers.ApplicationMain -  Init application ..
2019-07-21 18:16:53.545 [main] INFO  codechallange.perfectnumbers.ConfigUtility -  Property loading started
2019-07-21 18:16:53.546 [main] INFO  codechallange.perfectnumbers.ConfigUtility -  Property loading done
2019-07-21 18:16:53.546 [main] INFO  codechallange.perfectnumbers.RestServer - Initializing server
2019-07-21 18:16:53.749 [main] INFO  codechallange.perfectnumbers.RestServer - Server initialization completed
2019-07-21 18:18:23.539 [main] INFO  codechallange.perfectnumbers.ApplicationMain -  Init application ..
2019-07-21 18:18:23.544 [main] INFO  codechallange.perfectnumbers.ConfigUtility -  Property loading started
2019-07-21 18:18:23.545 [main] INFO  codechallange.perfectnumbers.ConfigUtility -  Property loading done
2019-07-21 18:18:23.545 [main] INFO  codechallange.perfectnumbers.RestServer - Initializing server
2019-07-21 18:18:23.802 [main] INFO  codechallange.perfectnumbers.RestServer - Server initialization completed
2019-07-21 18:18:24.099 [main] INFO  codechallange.perfectnumbers.ApplicationMain - Server ready on endpoint http://localhost:8080
2019-07-21 18:18:49.926 [qtp1462044018-13] DEBUG codechallange.perfectnumbers.validation.NumberValidation - Received path param number: 6
2019-07-21 18:18:49.927 [qtp1462044018-13] INFO  codechallange.perfectnumbers.validation.NumberValidation - Path param validation passed for number: 6
2019-07-21 18:18:55.189 [qtp1462044018-18] DEBUG codechallange.perfectnumbers.validation.NumberValidation - Received path param number: 5
2019-07-21 18:18:55.189 [qtp1462044018-18] INFO  codechallange.perfectnumbers.validation.NumberValidation - Path param validation passed for number: 5
2019-07-21 18:18:58.308 [qtp1462044018-17] DEBUG codechallange.perfectnumbers.validation.NumberValidation - Received path param number: 7
2019-07-21 18:18:58.308 [qtp1462044018-17] INFO  codechallange.perfectnumbers.validation.NumberValidation - Path param validation passed for number: 7
2019-07-21 18:19:01.896 [qtp1462044018-11] DEBUG codechallange.perfectnumbers.validation.NumberValidation - Received path param number: 31
2019-07-21 18:19:01.896 [qtp1462044018-11] INFO  codechallange.perfectnumbers.validation.NumberValidation - Path param validation passed for number: 31
2019-07-21 18:19:12.367 [qtp1462044018-11] DEBUG codechallange.perfectnumbers.validation.NumberValidation - Received path param number: 8148
2019-07-21 18:19:12.367 [qtp1462044018-11] INFO  codechallange.perfectnumbers.validation.NumberValidation - Path param validation passed for number: 8148
2019-07-21 18:19:15.683 [qtp1462044018-13] DEBUG codechallange.perfectnumbers.validation.NumberValidation - Received path param number: 8128
2019-07-21 18:19:15.683 [qtp1462044018-13] INFO  codechallange.perfectnumbers.validation.NumberValidation - Path param validation passed for number: 8128
2019-07-21 18:19:19.542 [qtp1462044018-11] DEBUG codechallange.perfectnumbers.validation.NumberValidation - Received path param number: 8129
2019-07-21 18:19:19.542 [qtp1462044018-11] INFO  codechallange.perfectnumbers.validation.NumberValidation - Path param validation passed for number: 8129
2019-07-21 18:19:30.957 [qtp1462044018-17] DEBUG codechallange.perfectnumbers.validation.NumberValidation - Received path param number: 8127
2019-07-21 18:19:30.957 [qtp1462044018-17] INFO  codechallange.perfectnumbers.validation.NumberValidation - Path param validation passed for number: 8127
2019-07-21 18:19:34.303 [qtp1462044018-15] DEBUG codechallange.perfectnumbers.validation.NumberValidation - Received path param number: 8128
2019-07-21 18:19:34.303 [qtp1462044018-15] INFO  codechallange.perfectnumbers.validation.NumberValidation - Path param validation passed for number: 8128
2019-07-21 18:19:49.833 [qtp1462044018-18] DEBUG codechallange.perfectnumbers.validation.NumberValidation - Received path param number: 5
2019-07-21 18:19:49.833 [qtp1462044018-18] INFO  codechallange.perfectnumbers.validation.NumberValidation - Path param validation passed for number: 5
2019-07-21 18:19:55.430 [qtp1462044018-13] DEBUG codechallange.perfectnumbers.validation.NumberValidation - Received path param number: asf
2019-07-21 18:19:55.431 [qtp1462044018-13] WARN  codechallange.perfectnumbers.validation.NumberValidation - Path param validation failed. Invalid parameters. number: 
2019-07-21 18:30:50.141 [qtp1462044018-15] INFO  codechallange.perfectnumbers.validation.NumberRangeValidation -  Parameters are valid : startNumber is 
2019-07-21 18:31:04.381 [qtp1462044018-16] INFO  codechallange.perfectnumbers.validation.NumberRangeValidation -  Parameters are valid : startNumber is 
2019-07-21 18:31:23.687 [qtp1462044018-12] INFO  codechallange.perfectnumbers.validation.NumberRangeValidation -  Parameters are valid : startNumber is 
2019-07-21 18:31:33.479 [qtp1462044018-11] INFO  codechallange.perfectnumbers.validation.NumberRangeValidation -  Parameters are valid : startNumber is 
2019-07-21 18:31:48.933 [qtp1462044018-17] DEBUG codechallange.perfectnumbers.validation.NumberValidation - Received path param number: 33550336
2019-07-21 18:31:48.933 [qtp1462044018-17] INFO  codechallange.perfectnumbers.validation.NumberValidation - Path param validation passed for number: 33550336
2019-07-21 18:31:55.027 [qtp1462044018-15] DEBUG codechallange.perfectnumbers.validation.NumberValidation - Received path param number: 33550335
2019-07-21 18:31:55.027 [qtp1462044018-15] INFO  codechallange.perfectnumbers.validation.NumberValidation - Path param validation passed for number: 33550335
2019-07-21 18:31:59.617 [qtp1462044018-16] DEBUG codechallange.perfectnumbers.validation.NumberValidation - Received path param number: 33550337
2019-07-21 18:31:59.617 [qtp1462044018-16] INFO  codechallange.perfectnumbers.validation.NumberValidation - Path param validation passed for number: 33550337
2019-07-21 20:39:21.208 [main] INFO  codechallange.perfectnumbers.ApplicationMain -  Init application ..
2019-07-21 20:39:21.274 [main] INFO  codechallange.perfectnumbers.init.ConfigUtility -  Property loading started
2019-07-21 20:39:21.276 [main] INFO  codechallange.perfectnumbers.init.ConfigUtility -  Property loading done
2019-07-21 20:39:21.277 [main] INFO  codechallange.perfectnumbers.ApplicationMain -  Starting up Jetty instance ...
2019-07-21 20:39:21.278 [main] INFO  codechallange.perfectnumbers.init.RestServer - Initializing server 
2019-07-21 20:39:21.974 [main] INFO  codechallange.perfectnumbers.init.RestServer - Server initialize completed
2019-07-21 20:39:22.453 [main] INFO  codechallange.perfectnumbers.ApplicationMain -  Service is up. Ready to use with URL end point 
2019-07-21 20:42:40.456 [qtp101775274-17] INFO  codechallange.perfectnumbers.validation.NumberValidation -  No parameters in the request 
2019-07-21 20:42:40.487 [qtp101775274-17] INFO  codechallange.perfectnumbers.validation.NumberRangeValidation -  No parameters in the request 
2019-07-21 21:01:07.638 [main] INFO  codechallange.perfectnumbers.ApplicationMain -  Init application ..
2019-07-21 21:01:07.819 [main] INFO  codechallange.perfectnumbers.init.ConfigUtility -  Property loading started
2019-07-21 21:01:07.849 [main] INFO  codechallange.perfectnumbers.init.ConfigUtility -  Property loading done
2019-07-21 21:01:07.850 [main] INFO  codechallange.perfectnumbers.ApplicationMain -  Starting up Jetty instance ...
2019-07-21 21:01:07.851 [main] INFO  codechallange.perfectnumbers.init.RestServer - Initializing server 
2019-07-21 21:01:08.602 [main] INFO  codechallange.perfectnumbers.init.RestServer - Server initialize completed
2019-07-21 21:01:09.385 [main] INFO  codechallange.perfectnumbers.ApplicationMain -  Service is up. Ready to use with URL end point 
2019-07-21 21:03:22.559 [qtp101775274-11] INFO  codechallange.perfectnumbers.validation.NumberValidation -  No parameters in the request 
2019-07-21 21:03:22.560 [qtp101775274-11] INFO  codechallange.perfectnumbers.validation.NumberRangeValidation -  No parameters in the request 
2019-07-21 21:03:31.900 [qtp101775274-14] INFO  codechallange.perfectnumbers.validation.NumberValidation -  No parameters in the request 
2019-07-21 21:03:31.901 [qtp101775274-14] INFO  codechallange.perfectnumbers.validation.NumberRangeValidation -  No parameters in the request 
2019-07-21 21:03:36.200 [qtp101775274-16] INFO  codechallange.perfectnumbers.validation.NumberValidation -  No parameters in the request 
2019-07-21 21:03:36.200 [qtp101775274-16] INFO  codechallange.perfectnumbers.validation.NumberRangeValidation -  No parameters in the request 
2019-07-21 21:04:01.366 [qtp101775274-18] INFO  codechallange.perfectnumbers.validation.NumberValidation -  param {number} is 
2019-07-21 21:04:23.315 [qtp101775274-15] INFO  codechallange.perfectnumbers.validation.NumberValidation -  No parameters in the request 
2019-07-21 21:04:23.316 [qtp101775274-15] INFO  codechallange.perfectnumbers.validation.NumberRangeValidation -  No parameters in the request 
2019-07-21 21:04:33.346 [qtp101775274-11] INFO  codechallange.perfectnumbers.validation.NumberValidation -  param {number} is 
2019-07-21 21:10:23.932 [qtp101775274-14] INFO  codechallange.perfectnumbers.validation.NumberValidation -  param {number} is 
2019-07-21 21:15:38.693 [qtp101775274-17] INFO  codechallange.perfectnumbers.validation.NumberValidation -  No parameters in the request 
2019-07-21 21:15:38.693 [qtp101775274-17] INFO  codechallange.perfectnumbers.validation.NumberRangeValidation -  No parameters in the request 
2019-07-21 21:15:45.557 [qtp101775274-18] INFO  codechallange.perfectnumbers.validation.NumberValidation -  No parameters in the request 
2019-07-21 21:15:45.557 [qtp101775274-18] INFO  codechallange.perfectnumbers.validation.NumberRangeValidation -  No parameters in the request 
2019-07-21 21:18:07.655 [qtp101775274-12] INFO  codechallange.perfectnumbers.validation.NumberValidation -  No parameters in the request 
2019-07-21 21:18:07.655 [qtp101775274-12] INFO  codechallange.perfectnumbers.validation.NumberRangeValidation -  No parameters in the request 
2019-07-21 21:19:04.754 [qtp101775274-17] INFO  codechallange.perfectnumbers.validation.NumberValidation -  No parameters in the request 
2019-07-21 21:19:04.755 [qtp101775274-17] INFO  codechallange.perfectnumbers.validation.NumberRangeValidation -  No parameters in the request 
2019-07-21 21:21:47.378 [main] INFO  codechallange.perfectnumbers.ApplicationMain -  Init application ..
2019-07-21 21:21:47.383 [main] INFO  codechallange.perfectnumbers.init.ConfigUtility -  Property loading started
2019-07-21 21:21:47.384 [main] INFO  codechallange.perfectnumbers.init.ConfigUtility -  Property loading done
2019-07-21 21:21:47.384 [main] INFO  codechallange.perfectnumbers.ApplicationMain -  Starting up Jetty instance ...
2019-07-21 21:21:47.385 [main] INFO  codechallange.perfectnumbers.init.RestServer - Initializing server 
2019-07-21 21:21:47.605 [main] INFO  codechallange.perfectnumbers.init.RestServer - Server initialize completed
2019-07-21 21:21:47.914 [main] INFO  codechallange.perfectnumbers.ApplicationMain -  Service is up. Ready to use with URL end point 
2019-07-21 21:27:28.119 [main] INFO  codechallange.perfectnumbers.ApplicationMain -  Init application ..
2019-07-21 21:27:28.123 [main] INFO  codechallange.perfectnumbers.init.ConfigUtility -  Property loading started
2019-07-21 21:27:28.124 [main] INFO  codechallange.perfectnumbers.init.ConfigUtility -  Property loading done
2019-07-21 21:27:28.125 [main] INFO  codechallange.perfectnumbers.ApplicationMain -  Starting up Jetty instance ...
2019-07-21 21:27:28.125 [main] INFO  codechallange.perfectnumbers.init.RestServer - Initializing server 
2019-07-21 21:27:28.336 [main] INFO  codechallange.perfectnumbers.init.RestServer - Server initialize completed
2019-07-21 21:28:05.633 [main] INFO  codechallange.perfectnumbers.ApplicationMain -  Init application ..
2019-07-21 21:28:05.639 [main] INFO  codechallange.perfectnumbers.init.ConfigUtility -  Property loading started
2019-07-21 21:28:05.639 [main] INFO  codechallange.perfectnumbers.init.ConfigUtility -  Property loading done
2019-07-21 21:28:05.640 [main] INFO  codechallange.perfectnumbers.ApplicationMain -  Starting up Jetty instance ...
2019-07-21 21:28:05.640 [main] INFO  codechallange.perfectnumbers.init.RestServer - Initializing server 
2019-07-21 21:28:05.852 [main] INFO  codechallange.perfectnumbers.init.RestServer - Server initialize completed
2019-07-21 21:28:06.123 [main] INFO  codechallange.perfectnumbers.ApplicationMain -  Service is up. Ready to use with URL end point 
2019-07-21 21:28:53.394 [qtp101775274-15] INFO  codechallange.perfectnumbers.validation.NumberValidation -  param {number} is 
2019-07-21 21:29:23.695 [qtp101775274-17] INFO  codechallange.perfectnumbers.validation.NumberValidation -  param {number} is 
2019-07-21 21:31:08.822 [qtp101775274-13] INFO  codechallange.perfectnumbers.validation.NumberValidation -  param {number} is 
2019-07-21 21:57:59.394 [main] INFO  codechallange.perfectnumbers.ApplicationMain -  Init application ..
2019-07-21 21:57:59.399 [main] INFO  codechallange.perfectnumbers.init.ConfigUtility -  Property loading started
2019-07-21 21:57:59.400 [main] INFO  codechallange.perfectnumbers.init.ConfigUtility -  Property loading done
2019-07-21 21:57:59.400 [main] INFO  codechallange.perfectnumbers.ApplicationMain -  Starting up Jetty instance ...
2019-07-21 21:57:59.400 [main] INFO  codechallange.perfectnumbers.init.RestServer - Initializing server 
2019-07-21 21:57:59.607 [main] INFO  codechallange.perfectnumbers.init.RestServer - Server initialize completed
2019-07-21 21:57:59.897 [main] INFO  codechallange.perfectnumbers.ApplicationMain -  Service is up. Ready to use with URL end point 
2019-07-21 21:58:12.172 [qtp101775274-11] INFO  codechallange.perfectnumbers.validation.NumberValidation -  param {number} is 
2019-07-21 22:10:16.048 [main] INFO  codechallange.perfectnumbers.ApplicationMain -  Init application ..
2019-07-21 22:10:16.052 [main] INFO  codechallange.perfectnumbers.init.ConfigUtility -  Property loading started
2019-07-21 22:10:16.053 [main] INFO  codechallange.perfectnumbers.init.ConfigUtility -  Property loading done
2019-07-21 22:10:16.053 [main] INFO  codechallange.perfectnumbers.ApplicationMain -  Starting up Jetty instance ...
2019-07-21 22:10:16.054 [main] INFO  codechallange.perfectnumbers.init.RestServer - Initializing server 
2019-07-21 22:10:16.275 [main] INFO  codechallange.perfectnumbers.init.RestServer - Server initialize completed
2019-07-21 22:10:16.588 [main] INFO  codechallange.perfectnumbers.ApplicationMain -  Service is up. Ready to use with URL end point 
2019-07-21 22:12:49.185 [main] INFO  codechallange.perfectnumbers.ApplicationMain -  Init application ..
2019-07-21 22:12:49.192 [main] INFO  codechallange.perfectnumbers.init.ConfigUtility -  Property loading started
2019-07-21 22:12:49.193 [main] INFO  codechallange.perfectnumbers.init.ConfigUtility -  Property loading done
2019-07-21 22:12:49.193 [main] INFO  codechallange.perfectnumbers.ApplicationMain -  Starting up Jetty instance ...
2019-07-21 22:12:49.193 [main] INFO  codechallange.perfectnumbers.init.RestServer - Initializing server 
2019-07-21 22:12:49.421 [main] INFO  codechallange.perfectnumbers.init.RestServer - Server initialize completed
2019-07-21 22:13:02.887 [main] INFO  codechallange.perfectnumbers.ApplicationMain -  Init application ..
2019-07-21 22:13:02.893 [main] INFO  codechallange.perfectnumbers.init.ConfigUtility -  Property loading started
2019-07-21 22:13:02.894 [main] INFO  codechallange.perfectnumbers.init.ConfigUtility -  Property loading done
2019-07-21 22:13:02.894 [main] INFO  codechallange.perfectnumbers.ApplicationMain -  Starting up Jetty instance ...
2019-07-21 22:13:02.895 [main] INFO  codechallange.perfectnumbers.init.RestServer - Initializing server 
2019-07-21 22:13:03.118 [main] INFO  codechallange.perfectnumbers.init.RestServer - Server initialize completed
2019-07-21 22:13:03.383 [main] INFO  codechallange.perfectnumbers.ApplicationMain -  Service is up. Ready to use with URL end point 
2019-07-21 22:13:20.733 [qtp101775274-11] INFO  codechallange.perfectnumbers.validation.NumberValidation -  param {number} is 
2019-07-21 22:13:24.029 [qtp101775274-15] INFO  codechallange.perfectnumbers.validation.NumberRangeValidation -  queryParams 
2019-07-21 22:13:28.161 [qtp101775274-13] INFO  codechallange.perfectnumbers.validation.NumberRangeValidation -  queryParams 
2019-07-21 22:13:31.278 [qtp101775274-17] INFO  codechallange.perfectnumbers.validation.NumberValidation -  param {number} is 
2019-07-21 22:13:51.341 [qtp101775274-18] INFO  codechallange.perfectnumbers.validation.NumberValidation -  param {number} is 
2019-07-21 22:14:02.334 [qtp101775274-16] INFO  codechallange.perfectnumbers.validation.NumberRangeValidation -  queryParams 
2019-07-21 22:20:02.181 [main] INFO  codechallange.perfectnumbers.ApplicationMain -  Init application ..
2019-07-21 22:20:02.187 [main] INFO  codechallange.perfectnumbers.init.ConfigUtility -  Property loading started
2019-07-21 22:20:02.187 [main] INFO  codechallange.perfectnumbers.init.ConfigUtility -  Property loading done
2019-07-21 22:20:02.188 [main] INFO  codechallange.perfectnumbers.ApplicationMain -  Starting up Jetty instance ...
2019-07-21 22:20:02.188 [main] INFO  codechallange.perfectnumbers.init.RestServer - Initializing server 
2019-07-21 22:20:02.393 [main] INFO  codechallange.perfectnumbers.init.RestServer - Server initialize completed
2019-07-21 22:20:02.669 [main] INFO  codechallange.perfectnumbers.ApplicationMain -  Service is up. Ready to use with URL end point 
2019-07-21 22:20:12.173 [qtp1778629809-11] INFO  codechallange.perfectnumbers.validation.NumberRangeValidation -  queryParams 
2019-07-21 22:20:12.174 [qtp1778629809-11] INFO  codechallange.perfectnumbers.validation.NumberRangeValidation -  new test 
2019-07-21 22:20:12.175 [qtp1778629809-11] INFO  codechallange.perfectnumbers.validation.NumberRangeValidation -  new test 
2019-07-21 22:20:12.175 [qtp1778629809-11] INFO  codechallange.perfectnumbers.validation.NumberRangeValidation -  Parameters are valid : startNumber is 
2019-07-21 22:20:12.175 [qtp1778629809-11] INFO  codechallange.perfectnumbers.validation.NumberValidation -  param {number} is 
2019-07-21 22:33:27.813 [main] INFO  codechallange.perfectnumbers.ApplicationMain -  Init application ..
2019-07-21 22:33:27.818 [main] INFO  codechallange.perfectnumbers.init.ConfigUtility -  Property loading started
2019-07-21 22:33:27.819 [main] INFO  codechallange.perfectnumbers.init.ConfigUtility -  Property loading done
2019-07-21 22:33:27.820 [main] INFO  codechallange.perfectnumbers.ApplicationMain -  Starting up Jetty instance ...
2019-07-21 22:33:27.821 [main] INFO  codechallange.perfectnumbers.init.RestServer - Initializing server 
2019-07-21 22:33:28.059 [main] INFO  codechallange.perfectnumbers.init.RestServer - Server initialize completed
2019-07-21 22:33:28.371 [main] INFO  codechallange.perfectnumbers.ApplicationMain -  Service is up. Ready to use with URL end point 
2019-07-21 22:33:34.240 [qtp1778629809-11] INFO  codechallange.perfectnumbers.validation.NumberRangeValidation -  queryParams1 
2019-07-21 22:33:34.241 [qtp1778629809-11] INFO  codechallange.perfectnumbers.validation.NumberRangeValidation -  new test 
2019-07-21 22:33:34.241 [qtp1778629809-11] INFO  codechallange.perfectnumbers.validation.NumberRangeValidation -  new test 
2019-07-21 22:33:34.242 [qtp1778629809-11] INFO  codechallange.perfectnumbers.validation.NumberRangeValidation -  Parameters are valid : startNumber is 
2019-07-21 22:33:34.242 [qtp1778629809-11] INFO  codechallange.perfectnumbers.validation.NumberValidation -  queryParams2 
2019-07-21 22:33:39.498 [qtp1778629809-14] INFO  codechallange.perfectnumbers.validation.NumberRangeValidation -  queryParams1 
2019-07-21 22:33:39.498 [qtp1778629809-14] INFO  codechallange.perfectnumbers.validation.NumberValidation -  queryParams2 
2019-07-21 22:33:39.498 [qtp1778629809-14] INFO  codechallange.perfectnumbers.validation.NumberValidation -  param {number} is 
2019-07-21 22:33:39.499 [qtp1778629809-14] INFO  codechallange.perfectnumbers.validation.NumberValidation -  Parameters are valid  : recieved number is 
2019-07-21 22:34:41.455 [main] INFO  codechallange.perfectnumbers.ApplicationMain -  Init application ..
2019-07-21 22:34:41.461 [main] INFO  codechallange.perfectnumbers.init.ConfigUtility -  Property loading started
2019-07-21 22:34:41.461 [main] INFO  codechallange.perfectnumbers.init.ConfigUtility -  Property loading done
2019-07-21 22:34:41.462 [main] INFO  codechallange.perfectnumbers.ApplicationMain -  Starting up Jetty instance ...
2019-07-21 22:34:41.462 [main] INFO  codechallange.perfectnumbers.init.RestServer - Initializing server 
2019-07-21 22:34:41.670 [main] INFO  codechallange.perfectnumbers.init.RestServer - Server initialize completed
2019-07-21 22:34:41.957 [main] INFO  codechallange.perfectnumbers.ApplicationMain -  Service is up. Ready to use with URL end point 
2019-07-21 22:34:44.930 [qtp1778629809-11] INFO  codechallange.perfectnumbers.validation.NumberRangeValidation -  queryParams1 
2019-07-21 22:34:44.930 [qtp1778629809-11] INFO  codechallange.perfectnumbers.validation.NumberValidation -  queryParams2 
2019-07-21 22:34:44.931 [qtp1778629809-11] INFO  codechallange.perfectnumbers.validation.NumberValidation -  param {number} is 
2019-07-21 22:34:44.931 [qtp1778629809-11] INFO  codechallange.perfectnumbers.validation.NumberValidation -  Parameters are valid  : recieved number is 
2019-07-21 22:34:48.779 [qtp1778629809-14] INFO  codechallange.perfectnumbers.validation.NumberRangeValidation -  queryParams1 
2019-07-21 22:34:48.779 [qtp1778629809-14] INFO  codechallange.perfectnumbers.validation.NumberRangeValidation -  new test 
2019-07-21 22:34:48.779 [qtp1778629809-14] INFO  codechallange.perfectnumbers.validation.NumberRangeValidation -  new test 
2019-07-21 22:34:48.779 [qtp1778629809-14] INFO  codechallange.perfectnumbers.validation.NumberRangeValidation -  Parameters are valid : startNumber is 
2019-07-21 22:34:48.780 [qtp1778629809-14] INFO  codechallange.perfectnumbers.validation.NumberValidation -  queryParams2 
2019-07-21 22:34:51.367 [qtp1778629809-16] INFO  codechallange.perfectnumbers.validation.NumberRangeValidation -  queryParams1 
2019-07-21 22:34:51.367 [qtp1778629809-16] INFO  codechallange.perfectnumbers.validation.NumberRangeValidation -  new test 
2019-07-21 22:34:51.367 [qtp1778629809-16] INFO  codechallange.perfectnumbers.validation.NumberRangeValidation -  new test 
2019-07-21 22:34:51.367 [qtp1778629809-16] INFO  codechallange.perfectnumbers.validation.NumberRangeValidation -  Parameters are valid : startNumber is 
2019-07-21 22:34:51.368 [qtp1778629809-16] INFO  codechallange.perfectnumbers.validation.NumberValidation -  queryParams2 
2019-07-21 22:37:19.134 [main] INFO  codechallange.perfectnumbers.ApplicationMain -  Init application ..
2019-07-21 22:37:19.140 [main] INFO  codechallange.perfectnumbers.init.ConfigUtility -  Property loading started
2019-07-21 22:37:19.140 [main] INFO  codechallange.perfectnumbers.init.ConfigUtility -  Property loading done
2019-07-21 22:37:19.141 [main] INFO  codechallange.perfectnumbers.ApplicationMain -  Starting up Jetty instance ...
2019-07-21 22:37:19.142 [main] INFO  codechallange.perfectnumbers.init.RestServer - Initializing server 
2019-07-21 22:37:19.363 [main] INFO  codechallange.perfectnumbers.init.RestServer - Server initialize completed
2019-07-21 22:37:19.642 [main] INFO  codechallange.perfectnumbers.ApplicationMain -  Service is up. Ready to use with URL end point 
2019-07-21 22:37:20.005 [qtp1778629809-11] INFO  codechallange.perfectnumbers.validation.NumberRangeValidation -  Parameters are valid : startNumber is 
2019-07-21 22:37:23.259 [qtp1778629809-14] INFO  codechallange.perfectnumbers.validation.NumberValidation -  param {number} is 
2019-07-21 22:37:23.260 [qtp1778629809-14] INFO  codechallange.perfectnumbers.validation.NumberValidation -  Parameters are valid  : recieved number is 
2019-07-21 22:37:27.432 [qtp1778629809-16] INFO  codechallange.perfectnumbers.validation.NumberValidation -  param {number} is 
2019-07-21 22:37:27.432 [qtp1778629809-16] INFO  codechallange.perfectnumbers.validation.NumberValidation -  Parameters are valid  : recieved number is 
2019-07-21 22:38:59.204 [main] INFO  codechallange.perfectnumbers.ApplicationMain -  Init application ..
2019-07-21 22:38:59.211 [main] INFO  codechallange.perfectnumbers.init.ConfigUtility -  Property loading started
2019-07-21 22:38:59.211 [main] INFO  codechallange.perfectnumbers.init.ConfigUtility -  Property loading done
2019-07-21 22:38:59.212 [main] INFO  codechallange.perfectnumbers.ApplicationMain -  Starting up Jetty instance ...
2019-07-21 22:38:59.212 [main] INFO  codechallange.perfectnumbers.init.RestServer - Initializing server 
2019-07-21 22:38:59.428 [main] INFO  codechallange.perfectnumbers.init.RestServer - Server initialize completed
2019-07-21 22:38:59.739 [main] INFO  codechallange.perfectnumbers.ApplicationMain -  Service is up. Ready to use with URL end point 
2019-07-21 22:39:07.533 [qtp101775274-12] INFO  codechallange.perfectnumbers.validation.NumberValidation -  param {number} is 
2019-07-21 22:39:07.534 [qtp101775274-12] INFO  codechallange.perfectnumbers.validation.NumberValidation -  Parameters are valid  : recieved number is 
2019-07-21 22:39:11.275 [qtp101775274-11] INFO  codechallange.perfectnumbers.validation.NumberRangeValidation -  Parameters are valid : startNumber is 
2019-07-21 22:39:19.177 [qtp101775274-16] INFO  codechallange.perfectnumbers.validation.NumberRangeValidation -  Parameters are valid : startNumber is 
2019-07-21 22:41:08.600 [qtp101775274-17] INFO  codechallange.perfectnumbers.validation.NumberValidation -  param {number} is 
2019-07-21 22:41:13.114 [qtp101775274-18] INFO  codechallange.perfectnumbers.validation.NumberValidation -  param {number} is 
2019-07-21 22:41:13.115 [qtp101775274-18] INFO  codechallange.perfectnumbers.validation.NumberValidation -  Parameters are valid  : recieved number is 
2019-07-21 22:41:21.851 [qtp101775274-11] INFO  codechallange.perfectnumbers.validation.NumberValidation -  param {number} is 
2019-07-21 22:41:28.105 [qtp101775274-16] INFO  codechallange.perfectnumbers.validation.NumberValidation -  param {number} is 
2019-07-21 22:41:28.105 [qtp101775274-16] INFO  codechallange.perfectnumbers.validation.NumberValidation -  Parameters are valid  : recieved number is 
2019-07-21 22:53:22.078 [main] INFO  codechallange.perfectnumbers.ApplicationMain -  Init application ..
2019-07-21 22:53:22.083 [main] INFO  codechallange.perfectnumbers.init.ConfigUtility -  Property loading started
2019-07-21 22:53:22.084 [main] INFO  codechallange.perfectnumbers.init.ConfigUtility -  Property loading done
2019-07-21 22:53:22.085 [main] INFO  codechallange.perfectnumbers.ApplicationMain -  Starting up Jetty instance ...
2019-07-21 22:53:22.085 [main] INFO  codechallange.perfectnumbers.init.RestServer - Initializing server 
2019-07-21 22:53:22.301 [main] INFO  codechallange.perfectnumbers.init.RestServer - Server initialize completed
2019-07-21 22:53:37.337 [main] INFO  codechallange.perfectnumbers.ApplicationMain -  Init application ..
2019-07-21 22:53:37.343 [main] INFO  codechallange.perfectnumbers.init.ConfigUtility -  Property loading started
2019-07-21 22:53:37.344 [main] INFO  codechallange.perfectnumbers.init.ConfigUtility -  Property loading done
2019-07-21 22:53:37.344 [main] INFO  codechallange.perfectnumbers.ApplicationMain -  Starting up Jetty instance ...
2019-07-21 22:53:37.344 [main] INFO  codechallange.perfectnumbers.init.RestServer - Initializing server 
2019-07-21 22:53:37.574 [main] INFO  codechallange.perfectnumbers.init.RestServer - Server initialize completed
2019-07-21 22:53:49.178 [qtp101775274-15] INFO  codechallange.perfectnumbers.validation.NumberRangeValidation -  Parameters are valid : startNumber is 
2019-07-21 22:53:51.463 [qtp101775274-18] INFO  codechallange.perfectnumbers.validation.NumberRangeValidation -  Parameters are valid : startNumber is 
2019-07-21 22:53:52.562 [qtp101775274-13] INFO  codechallange.perfectnumbers.validation.NumberRangeValidation -  Parameters are valid : startNumber is 
2019-07-21 22:53:54.602 [qtp101775274-17] INFO  codechallange.perfectnumbers.validation.NumberRangeValidation -  Parameters are valid : startNumber is 
2019-07-21 22:54:36.982 [main] INFO  codechallange.perfectnumbers.ApplicationMain -  Init application ..
2019-07-21 22:54:36.987 [main] INFO  codechallange.perfectnumbers.init.ConfigUtility -  Property loading started
2019-07-21 22:54:36.988 [main] INFO  codechallange.perfectnumbers.init.ConfigUtility -  Property loading done
2019-07-21 22:54:36.988 [main] INFO  codechallange.perfectnumbers.ApplicationMain -  Starting up Jetty instance ...
2019-07-21 22:54:36.989 [main] INFO  codechallange.perfectnumbers.init.RestServer - Initializing server 
2019-07-21 22:54:37.374 [main] INFO  codechallange.perfectnumbers.init.RestServer - Server initialize completed
2019-07-21 22:54:38.013 [main] INFO  codechallange.perfectnumbers.ApplicationMain -  Service is up. Ready to use with URL end point 
2019-07-21 22:54:50.565 [qtp101775274-12] INFO  codechallange.perfectnumbers.validation.NumberRangeValidation -  Parameters are valid : startNumber is 
2019-07-21 22:55:03.576 [qtp101775274-15] INFO  codechallange.perfectnumbers.validation.NumberValidation -  Parameters are valid  : recieved number is 
2019-07-22 01:34:01.379 [main] INFO  codechallange.perfectnumbers.init.ConfigUtility -  Property loading started
2019-07-22 01:34:01.405 [main] INFO  codechallange.perfectnumbers.init.ConfigUtility -  Property loading done
2019-07-22 01:34:01.405 [main] INFO  codechallange.perfectnumbers.init.RestServer - Initializing server 
2019-07-22 01:34:01.766 [main] INFO  codechallange.perfectnumbers.init.RestServer - Server initialize completed
2019-07-22 01:34:02.684 [qtp1132307065-17] INFO  codechallange.perfectnumbers.validation.NumberValidation -  Parameters are valid  : recieved number is 
2019-07-22 01:34:02.977 [qtp1132307065-13] INFO  codechallange.perfectnumbers.validation.NumberValidation -  Parameters are valid  : recieved number is 
2019-07-22 01:39:36.321 [main] INFO  codechallange.perfectnumbers.init.ConfigUtility -  Property loading started
2019-07-22 01:39:36.325 [main] INFO  codechallange.perfectnumbers.init.ConfigUtility -  Property loading done
2019-07-22 01:39:36.325 [main] INFO  codechallange.perfectnumbers.init.RestServer - Initializing server 
2019-07-22 01:39:36.549 [main] INFO  codechallange.perfectnumbers.init.RestServer - Server initialize completed
2019-07-22 01:39:37.251 [qtp1132307065-17] INFO  codechallange.perfectnumbers.validation.NumberValidation -  Parameters are valid  : recieved number is 
2019-07-22 01:44:03.463 [main] INFO  codechallange.perfectnumbers.init.ConfigUtility -  Property loading started
2019-07-22 01:44:03.467 [main] INFO  codechallange.perfectnumbers.init.ConfigUtility -  Property loading done
2019-07-22 01:44:03.467 [main] INFO  codechallange.perfectnumbers.init.RestServer - Initializing server 
2019-07-22 01:44:03.720 [main] INFO  codechallange.perfectnumbers.init.RestServer - Server initialize completed
2019-07-22 01:46:38.304 [main] INFO  codechallange.perfectnumbers.init.ConfigUtility -  Property loading started
2019-07-22 01:46:38.310 [main] INFO  codechallange.perfectnumbers.init.ConfigUtility -  Property loading done
2019-07-22 01:46:38.310 [main] INFO  codechallange.perfectnumbers.init.RestServer - Initializing server 
2019-07-22 01:46:38.608 [main] INFO  codechallange.perfectnumbers.init.RestServer - Server initialize completed
2019-07-22 01:46:39.370 [qtp1132307065-17] INFO  codechallange.perfectnumbers.validation.NumberValidation -  Parameters are valid  : recieved number is 
2019-07-22 01:46:39.619 [qtp1132307065-15] INFO  codechallange.perfectnumbers.validation.NumberValidation -  Parameters are valid  : recieved number is 
2019-07-22 01:49:11.245 [main] INFO  codechallange.perfectnumbers.init.ConfigUtility -  Property loading started
2019-07-22 01:49:11.250 [main] INFO  codechallange.perfectnumbers.init.ConfigUtility -  Property loading done
2019-07-22 01:49:11.251 [main] INFO  codechallange.perfectnumbers.init.RestServer - Initializing server 
2019-07-22 01:49:11.615 [main] INFO  codechallange.perfectnumbers.init.RestServer - Server initialize completed
2019-07-22 01:49:12.308 [qtp1132307065-17] INFO  codechallange.perfectnumbers.validation.NumberValidation -  Parameters are valid  : recieved number is 
2019-07-22 01:49:12.567 [qtp1132307065-13] INFO  codechallange.perfectnumbers.validation.NumberValidation -  Parameters are valid  : recieved number is 
2019-07-22 02:31:48.241 [main] INFO  codechallange.perfectnumbers.init.ConfigUtility -  Property loading started
2019-07-22 02:31:48.245 [main] INFO  codechallange.perfectnumbers.init.ConfigUtility -  Property loading done
2019-07-22 02:31:48.245 [main] INFO  codechallange.perfectnumbers.init.RestServer - Initializing server 
2019-07-22 02:31:48.474 [main] INFO  codechallange.perfectnumbers.init.RestServer - Server initialize completed
2019-07-22 02:31:49.140 [qtp599984672-17] INFO  codechallange.perfectnumbers.validation.NumberValidation -  Parameters are valid  : recieved number is 
2019-07-22 02:31:49.386 [qtp599984672-13] INFO  codechallange.perfectnumbers.validation.NumberValidation -  Parameters are valid  : recieved number is 
2019-07-22 02:31:49.399 [main] INFO  codechallange.perfectnumbers.init.RestServer - Initializing server 
2019-07-22 02:31:49.399 [main] INFO  codechallange.perfectnumbers.init.RestServer - Server initialize completed
2019-07-22 02:31:49.430 [qtp599984672-12] INFO  codechallange.perfectnumbers.validation.NumberRangeValidation -  Parameters are valid : startNumber is 
2019-07-22 02:47:11.157 [main] INFO  codechallange.perfectnumbers.init.ConfigUtility -  Property loading started
2019-07-22 02:47:11.163 [main] INFO  codechallange.perfectnumbers.init.ConfigUtility -  Property loading done
2019-07-22 02:47:11.163 [main] INFO  codechallange.perfectnumbers.init.RestServer - Initializing server 
2019-07-22 02:47:11.527 [main] INFO  codechallange.perfectnumbers.init.RestServer - Server initialize completed
2019-07-22 02:47:12.192 [qtp1432569632-17] INFO  codechallange.perfectnumbers.validation.NumberValidation -  Parameters are valid  : recieved number is 
2019-07-22 02:47:12.453 [qtp1432569632-12] INFO  codechallange.perfectnumbers.validation.NumberValidation -  Parameters are valid  : recieved number is 
2019-07-22 02:47:12.467 [main] INFO  codechallange.perfectnumbers.init.RestServer - Initializing server 
2019-07-22 02:47:12.468 [main] INFO  codechallange.perfectnumbers.init.RestServer - Server initialize completed
2019-07-22 02:47:12.483 [qtp1432569632-13] INFO  codechallange.perfectnumbers.validation.NumberRangeValidation -  Parameters are valid : startNumber is 
2019-07-22 02:48:20.152 [main] INFO  codechallange.perfectnumbers.init.ConfigUtility -  Property loading started
2019-07-22 02:48:20.159 [main] INFO  codechallange.perfectnumbers.init.ConfigUtility -  Property loading done
2019-07-22 02:48:20.159 [main] INFO  codechallange.perfectnumbers.init.RestServer - Initializing server 
2019-07-22 02:48:20.499 [main] INFO  codechallange.perfectnumbers.init.RestServer - Server initialize completed
2019-07-22 02:48:21.208 [qtp1259174396-17] INFO  codechallange.perfectnumbers.validation.NumberValidation -  Parameters are valid  : recieved number is 
2019-07-22 02:48:21.466 [qtp1259174396-13] INFO  codechallange.perfectnumbers.validation.NumberValidation -  Parameters are valid  : recieved number is 
2019-07-22 02:48:21.478 [main] INFO  codechallange.perfectnumbers.init.RestServer - Initializing server 
2019-07-22 02:48:21.479 [main] INFO  codechallange.perfectnumbers.init.RestServer - Server initialize completed
2019-07-22 02:48:21.494 [qtp1259174396-12] INFO  codechallange.perfectnumbers.validation.NumberRangeValidation -  Parameters are valid : startNumber is 
2019-07-22 03:08:18.703 [main] INFO  codechallange.perfectnumbers.init.ConfigUtility -  Property loading started
2019-07-22 03:08:18.732 [main] INFO  codechallange.perfectnumbers.init.ConfigUtility -  Property loading done
2019-07-22 03:08:18.735 [main] INFO  codechallange.perfectnumbers.init.RestServer - Initializing server 
2019-07-22 03:08:19.080 [main] INFO  codechallange.perfectnumbers.init.RestServer - Server initialize completed
2019-07-22 03:08:19.745 [qtp1403700359-17] INFO  codechallange.perfectnumbers.validation.NumberValidation -  Parameters are valid  : recieved number is 
2019-07-22 03:08:20.013 [qtp1403700359-14] INFO  codechallange.perfectnumbers.validation.NumberValidation -  Parameters are valid  : recieved number is 
2019-07-22 03:08:27.967 [main] INFO  codechallange.perfectnumbers.init.RestServer - Initializing server 
2019-07-22 03:08:27.968 [main] INFO  codechallange.perfectnumbers.init.RestServer - Server initialize completed
2019-07-22 03:08:27.985 [qtp1403700359-13] INFO  codechallange.perfectnumbers.validation.NumberRangeValidation -  Parameters are valid : startNumber is 
2019-07-22 03:09:39.907 [main] INFO  codechallange.perfectnumbers.init.ConfigUtility -  Property loading started
2019-07-22 03:09:39.914 [main] INFO  codechallange.perfectnumbers.init.ConfigUtility -  Property loading done
2019-07-22 03:09:39.915 [main] INFO  codechallange.perfectnumbers.init.RestServer - Initializing server 
2019-07-22 03:09:40.238 [main] INFO  codechallange.perfectnumbers.init.RestServer - Server initialize completed
2019-07-22 03:09:40.892 [qtp1403700359-17] INFO  codechallange.perfectnumbers.validation.NumberValidation -  Parameters are valid  : recieved number is 
2019-07-22 03:09:41.169 [qtp1403700359-13] INFO  codechallange.perfectnumbers.validation.NumberValidation -  Parameters are valid  : recieved number is 
2019-07-22 03:09:49.095 [main] INFO  codechallange.perfectnumbers.init.RestServer - Initializing server 
2019-07-22 03:09:49.096 [main] INFO  codechallange.perfectnumbers.init.RestServer - Server initialize completed
2019-07-22 03:09:49.120 [qtp1403700359-12] INFO  codechallange.perfectnumbers.validation.NumberRangeValidation -  Parameters are valid : startNumber is 
2019-07-22 03:28:29.767 [main] INFO  codechallenge.perfectnumbers.init.ConfigUtility -  Property loading started
2019-07-22 03:28:29.773 [main] INFO  codechallenge.perfectnumbers.init.ConfigUtility -  Property loading done
2019-07-22 03:28:29.774 [main] INFO  codechallenge.perfectnumbers.init.RestServer - Initializing server 
2019-07-22 03:28:29.990 [main] INFO  codechallenge.perfectnumbers.init.RestServer - Initializing server 
2019-07-22 03:30:18.294 [main] INFO  codechallenge.perfectnumbers.init.ConfigUtility -  Property loading started
2019-07-22 03:30:18.302 [main] INFO  codechallenge.perfectnumbers.init.ConfigUtility -  Property loading done
2019-07-22 03:30:18.302 [main] INFO  codechallenge.perfectnumbers.init.RestServer - Initializing server 
2019-07-22 03:30:18.607 [main] INFO  codechallenge.perfectnumbers.init.RestServer - Server initialize completed
2019-07-22 03:30:19.231 [qtp194707680-17] INFO  codechallenge.perfectnumbers.validation.NumberRangeValidation -  Parameters are valid : startNumber is 
2019-07-22 03:30:19.458 [main] INFO  codechallenge.perfectnumbers.init.RestServer - Initializing server 
2019-07-22 03:30:19.459 [main] INFO  codechallenge.perfectnumbers.init.RestServer - Server initialize completed
2019-07-22 03:30:19.474 [qtp194707680-13] INFO  codechallenge.perfectnumbers.validation.NumberValidation -  Parameters are valid  : recieved number is 
2019-07-22 03:30:19.479 [qtp194707680-16] INFO  codechallenge.perfectnumbers.validation.NumberValidation -  Parameters are valid  : recieved number is 
